<?xml version="1.0" encoding="UTF-8"?>
<!-- Generated by org.testng.reporters.JUnitReportReporter -->
<testsuite hostname="DESKTOP-G3C7JTI" failures="0" tests="3" name="com.facebook.tests.Login_Test" time="6.246" errors="0" timestamp="6 Dec 2017 13:32:16 GMT">
  <testcase classname="com.facebook.tests.Login_Test" name="loadPage" time="5.402"/>
  <testcase classname="com.facebook.tests.Login_Test" name="filloutEmailFld" time="0.620"/>
  <testcase classname="com.facebook.tests.Login_Test" name="filloutPassFld" time="0.224"/>
</testsuite> <!-- com.facebook.tests.Login_Test -->
