<?xml version="1.0" encoding="UTF-8"?>
<!-- Generated by org.testng.reporters.JUnitReportReporter -->
<testsuite hostname="DESKTOP-G3C7JTI" failures="0" tests="3" name="com.facebook.tests.Login_Test" time="3.948" errors="0" timestamp="1 Dec 2017 18:03:58 GMT">
  <testcase classname="com.facebook.tests.Login_Test" name="filloutPassFld" time="0.189"/>
  <testcase classname="com.facebook.tests.Login_Test" name="filloutEmailFld" time="0.440"/>
  <testcase classname="com.facebook.tests.Login_Test" name="loadPage" time="3.319"/>
</testsuite> <!-- com.facebook.tests.Login_Test -->
