<?xml version="1.0" encoding="UTF-8"?>
<!-- Generated by org.testng.reporters.JUnitReportReporter -->
<testsuite hostname="DESKTOP-G3C7JTI" failures="0" tests="1" name="SeleniumGrid.TestChromeOnGrid" time="23.319" errors="0" timestamp="2 Dec 2017 15:37:53 GMT">
  <testcase classname="SeleniumGrid.TestChromeOnGrid" name="test1" time="23.319"/>
</testsuite> <!-- SeleniumGrid.TestChromeOnGrid -->
