<?xml version="1.0" encoding="UTF-8"?>
<!-- Generated by org.testng.reporters.JUnitReportReporter -->
<testsuite hostname="DESKTOP-G3C7JTI" failures="0" tests="1" name="SeleniumGrid.TestChromeOnGrid" time="30.845" errors="0" timestamp="2 Dec 2017 03:52:01 GMT">
  <testcase classname="SeleniumGrid.TestChromeOnGrid" name="test1" time="30.845"/>
</testsuite> <!-- SeleniumGrid.TestChromeOnGrid -->
